<?xml version="1.0" encoding="UTF-8" ?>
<testsuite tests="26" failures="0" name="com.eviware.soapui.impl.GenericPanelBuilderTest" time="0.987" errors="0" skipped="0">
  <properties>
[...]
</properties>
  <testcase classname="com.eviware.soapui.impl.GenericPanelBuilderTest" name="builderValuesShouldMatchModel[0 - class com.eviware.soapui.impl.wsdl.panels.teststeps.amf.AMFRequestTestStepPanelBuilder]" time="0.088"/>
  <testcase classname="com.eviware.soapui.impl.GenericPanelBuilderTest" name="builderValuesShouldMatchModel[1 - class com.eviware.soapui.impl.wsdl.panels.teststeps.DelayTestStepPanelBuilder]" time="0.013"/>
  <testcase classname="com.eviware.soapui.impl.GenericPanelBuilderTest" name="builderValuesShouldMatchModel[2 - class com.eviware.soapui.impl.wsdl.panels.teststeps.HttpTestRequestPanelBuilder]" time="0.201"/>
  <testcase classname="com.eviware.soapui.impl.GenericPanelBuilderTest" name="builderValuesShouldMatchModel[3 - class com.eviware.soapui.impl.wsdl.panels.teststeps.JdbcRequestTestStepPanelBuilder]" time="0.018"/>
  <testcase classname="com.eviware.soapui.impl.GenericPanelBuilderTest" name="builderValuesShouldMatchModel[4 - class com.eviware.soapui.impl.wsdl.panels.teststeps.MockResponseStepPanelBuilder]" time="0.042"/>
  <testcase classname="com.eviware.soapui.impl.GenericPanelBuilderTest" name="builderValuesShouldMatchModel[5 - class com.eviware.soapui.impl.wsdl.panels.teststeps.PropertiesStepPanelBuilder]" time="0.018"/>
  <testcase classname="com.eviware.soapui.impl.GenericPanelBuilderTest" name="builderValuesShouldMatchModel[6 - class com.eviware.soapui.impl.rest.panels.method.RestMethodPanelBuilder]" time="0.014"/>
  <testcase classname="com.eviware.soapui.impl.GenericPanelBuilderTest" name="builderValuesShouldMatchModel[7 - class com.eviware.soapui.impl.rest.panels.mock.RestMockActionPanelBuilder]" time="0.016"/>
  <testcase classname="com.eviware.soapui.impl.GenericPanelBuilderTest" name="builderValuesShouldMatchModel[8 - class com.eviware.soapui.impl.rest.panels.mock.RestMockResponsePanelBuilder]" time="0.014"/>
  <testcase classname="com.eviware.soapui.impl.GenericPanelBuilderTest" name="builderValuesShouldMatchModel[9 - class com.eviware.soapui.impl.rest.panels.mock.RestMockServicePanelBuilder]" time="0.016"/>
  <testcase classname="com.eviware.soapui.impl.GenericPanelBuilderTest" name="builderValuesShouldMatchModel[10 - class com.eviware.soapui.impl.rest.panels.request.RestRequestPanelBuilder]" time="0.073"/>
  <testcase classname="com.eviware.soapui.impl.GenericPanelBuilderTest" name="builderValuesShouldMatchModel[11 - class com.eviware.soapui.impl.rest.panels.resource.RestResourcePanelBuilder]" time="0.012"/>
  <testcase classname="com.eviware.soapui.impl.GenericPanelBuilderTest" name="builderValuesShouldMatchModel[12 - class com.eviware.soapui.impl.rest.panels.service.RestServicePanelBuilder]" time="0.014"/>
  <testcase classname="com.eviware.soapui.impl.GenericPanelBuilderTest" name="builderValuesShouldMatchModel[13 - class com.eviware.soapui.impl.wsdl.panels.teststeps.RestTestRequestPanelBuilder]" time="0.076"/>
  <testcase classname="com.eviware.soapui.impl.GenericPanelBuilderTest" name="builderValuesShouldMatchModel[14 - class com.eviware.soapui.impl.WorkspaceImplPanelBuilder]" time="0.014"/>
  <testcase classname="com.eviware.soapui.impl.GenericPanelBuilderTest" name="builderValuesShouldMatchModel[15 - class com.eviware.soapui.impl.wsdl.panels.iface.WsdlInterfacePanelBuilder]" time="0.033"/>
  <testcase classname="com.eviware.soapui.impl.GenericPanelBuilderTest" name="builderValuesShouldMatchModel[16 - class com.eviware.soapui.impl.wsdl.panels.mockoperation.WsdlMockOperationPanelBuilder]" time="0.011"/>
  <testcase classname="com.eviware.soapui.impl.GenericPanelBuilderTest" name="builderValuesShouldMatchModel[17 - class com.eviware.soapui.impl.wsdl.panels.mockoperation.WsdlMockResponsePanelBuilder]" time="0.063"/>
  <testcase classname="com.eviware.soapui.impl.GenericPanelBuilderTest" name="builderValuesShouldMatchModel[18 - class com.eviware.soapui.impl.wsdl.panels.mock.WsdlMockServicePanelBuilder]" time="0.024"/>
  <testcase classname="com.eviware.soapui.impl.GenericPanelBuilderTest" name="builderValuesShouldMatchModel[19 - class com.eviware.soapui.impl.wsdl.panels.operation.WsdlOperationPanelBuilder]" time="0.015"/>
  <testcase classname="com.eviware.soapui.impl.GenericPanelBuilderTest" name="builderValuesShouldMatchModel[20 - class com.eviware.soapui.impl.wsdl.panels.project.WsdlProjectPanelBuilder]" time="0.014"/>
  <testcase classname="com.eviware.soapui.impl.GenericPanelBuilderTest" name="builderValuesShouldMatchModel[21 - class com.eviware.soapui.impl.wsdl.panels.request.WsdlRequestPanelBuilder]" time="0.067"/>
  <testcase classname="com.eviware.soapui.impl.GenericPanelBuilderTest" name="builderValuesShouldMatchModel[22 - class com.eviware.soapui.impl.wsdl.panels.teststeps.WsdlRunTestCaseTestStepPanelBuilder]" time="0.01"/>
  <testcase classname="com.eviware.soapui.impl.GenericPanelBuilderTest" name="builderValuesShouldMatchModel[23 - class com.eviware.soapui.impl.wsdl.panels.testcase.WsdlTestCasePanelBuilder]" time="0.016"/>
  <testcase classname="com.eviware.soapui.impl.GenericPanelBuilderTest" name="builderValuesShouldMatchModel[24 - class com.eviware.soapui.impl.wsdl.panels.teststeps.WsdlTestRequestPanelBuilder]" time="0.095"/>
  <testcase classname="com.eviware.soapui.impl.GenericPanelBuilderTest" name="builderValuesShouldMatchModel[25 - class com.eviware.soapui.impl.wsdl.panels.testsuite.WsdlTestSuitePanelBuilder]" time="0.01"/>
</testsuite>